<?xml version="1.0" encoding="UTF-8"?>
<!-- Generated by org.testng.reporters.JUnitReportReporter -->
<testsuite hostname="ODP1304002" name="TestCases" tests="1" failures="0" timestamp="21 Feb 2017 15:31:26 GMT" time="1.385" errors="0">
  <testcase name="test" time="1.385" classname="TestCases"/>
</testsuite> <!-- TestCases -->
